sdl2.vapi:1277.3-1277.38: warning: the modifier `static' is not applicable to constants
		public static const uint8 TEXT_SIZE;
		^^^^^^^^^^^^^^^^^^^^^^^^^^^^^^^^^^^^
sdl2.vapi:1290.3-1290.38: warning: the modifier `static' is not applicable to constants
		public static const uint8 TEXT_SIZE;
		^^^^^^^^^^^^^^^^^^^^^^^^^^^^^^^^^^^^
sdl2.vapi:2470.4-2470.43: warning: the modifier `static' is not applicable to constants
			public static const uint8 POS_UNDEFINED;
			^^^^^^^^^^^^^^^^^^^^^^^^^^^^^^^^^^^^^^^^
sdl2.vapi:2473.4-2473.42: warning: the modifier `static' is not applicable to constants
			public static const uint8 POS_CENTERED;
			^^^^^^^^^^^^^^^^^^^^^^^^^^^^^^^^^^^^^^^
sdl2.vapi:2476.4-2476.53: warning: the modifier `static' is not applicable to constants
			private static const int8 SDL_NONSHAPEABLE_WINDOW;
			^^^^^^^^^^^^^^^^^^^^^^^^^^^^^^^^^^^^^^^^^^^^^^^^^^
sdl2.vapi:2478.4-2478.56: warning: the modifier `static' is not applicable to constants
			private static const int8 SDL_INVALID_SHAPE_ARGUMENT;
			^^^^^^^^^^^^^^^^^^^^^^^^^^^^^^^^^^^^^^^^^^^^^^^^^^^^^
sdl2.vapi:2480.4-2480.52: warning: the modifier `static' is not applicable to constants
			private static const int8 SDL_WINDOW_LACKS_SHAPE;
			^^^^^^^^^^^^^^^^^^^^^^^^^^^^^^^^^^^^^^^^^^^^^^^^^
sdl2-mixer.vapi:224.2-224.54: warning: the modifier `static' is not applicable to constants
	public static const SDLMixer.Channel DEFAULT_CHANNEL;
	^^^^^^^^^^^^^^^^^^^^^^^^^^^^^^^^^^^^^^^^^^^^^^^^^^^^^
src/main.vala:117.61-117.94: warning: string.to_int is deprecated. Use int.parse
src/main.vala:120.16-120.49: warning: string.to_int is deprecated. Use int.parse
src/main.vala:123.16-123.49: warning: string.to_int is deprecated. Use int.parse
src/main.vala:138.8-138.81: warning: local variable `app' declared but never used
			var app = new Lair(listPaths, scriptPaths, MapSize, PixelW, PixelH, Verbosity);
			    ^^^^^^^^^^^^^^^^^^^^^^^^^^^^^^^^^^^^^^^^^^^^^^^^^^^^^^^^^^^^^^^^^^^^^^^^^^
src/util/luaconf.vala:16.17-16.38: warning: method `LAIR.LuaConf.LuaDoFile' never used
                private void LuaDoFile(string file){
                ^^^^^^^^^^^^^^^^^^^^^^
src/util/luaconf.vala:129.32-129.52: warning: local variable `tmp' declared but never used
                        string tmp = (string) varval;
                               ^^^^^^^^^^^^^^^^^^^^^
src/util/luaconf.vala:136.17-136.58: warning: method `LAIR.LuaConf.PushEntityDetailsToLuaTable' never used
                protected void PushEntityDetailsToLuaTable(Entity requested){
                ^^^^^^^^^^^^^^^^^^^^^^^^^^^^^^^^^^^^^^^^^^
src/util/scribe.vala:53.17-53.43: warning: method `LAIR.Scribe.printas' never used
                public List<string> printas(string[] item){
                ^^^^^^^^^^^^^^^^^^^^^^^^^^^
src/resmanage/filedb.vala:127.17-127.42: warning: method `LAIR.FileDB.GetRandSound' never used
                public Music* GetRandSound(){
                ^^^^^^^^^^^^^^^^^^^^^^^^^^
src/resmanage/filedb.vala:133.17-133.47: warning: method `LAIR.FileDB.SoundByName' never used
                public List<Music*> SoundByName(string name){
                ^^^^^^^^^^^^^^^^^^^^^^^^^^^^^^^
src/resmanage/filedb.vala:219.17-219.64: warning: method `LAIR.FileDB.SingleImageByTagList' never used
                public List<Video.Surface*> SingleImageByTagList(List<string> tagList){
                ^^^^^^^^^^^^^^^^^^^^^^^^^^^^^^^^^^^^^^^^^^^^^^^^
src/game/room.vala:55.17-55.44: warning: method `LAIR.Room.GetCorner' never used
                public Video.Point GetCorner(){
                ^^^^^^^^^^^^^^^^^^^^^^^^^^^^
src/game/room.vala:148.29-148.33: warning: local variable `i' declared but never used
                        int i = 0;
                            ^^^^^
src/game/room.vala:168.29-168.33: warning: local variable `i' declared but never used
                        int i = 0;
                            ^^^^^
src/entity/anim.vala:39.3-39.31: warning: method `LAIR.Anim.GetPosition' never used
		public Video.Rect GetPosition(){
		^^^^^^^^^^^^^^^^^^^^^^^^^^^^^
src/entity/anim.vala:104.17-104.52: warning: method `LAIR.Anim.GetTextPosition' never used
                protected Video.Rect GetTextPosition(){
                ^^^^^^^^^^^^^^^^^^^^^^^^^^^^^^^^^^^^
src/entity/anim.vala:112.17-112.44: warning: method `LAIR.Anim.GetCorner' never used
                public Video.Point GetCorner(){
                ^^^^^^^^^^^^^^^^^^^^^^^^^^^^
src/entity/stats.vala:59.3-59.18: warning: method `LAIR.Stats.Exert' never used
		public int Exert(){
		^^^^^^^^^^^^^^^^
src/entity/stats.vala:63.3-63.18: warning: method `LAIR.Stats.Dodge' never used
		public int Dodge(){
		^^^^^^^^^^^^^^^^
src/entity/stats.vala:67.3-67.16: warning: method `LAIR.Stats.Aim' never used
		public int Aim(){
		^^^^^^^^^^^^^^
src/entity/stats.vala:71.3-71.17: warning: method `LAIR.Stats.Will' never used
		public int Will(){
		^^^^^^^^^^^^^^^
src/entity/stats.vala:75.3-75.19: warning: method `LAIR.Stats.Resist' never used
		public int Resist(){
		^^^^^^^^^^^^^^^^^
src/entity/stats.vala:79.3-79.18: warning: method `LAIR.Stats.Magic' never used
		public int Magic(){
		^^^^^^^^^^^^^^^^
src/entity/stats.vala:83.3-83.17: warning: method `LAIR.Stats.Tech' never used
		public int Tech(){
		^^^^^^^^^^^^^^^
/home/idk/Projects/valair/src/main.vala: In function ‘lair_lair_main’:
/home/idk/Projects/valair/src/main.vala:87:18: warning: assignment from incompatible pointer type [-Wincompatible-pointer-types]
    foreach(string arg in args){
                  ^
/home/idk/Projects/valair/src/main.vala: In function ‘main’:
/home/idk/Projects/valair/src/main.vala:75:18: warning: passing argument 1 of ‘lair_lair_main’ from incompatible pointer type [-Wincompatible-pointer-types]
   public static void main(string args[]){
                  ^~~~
main.vala.c:411:6: note: expected ‘const gchar * {aka const char *}’ but argument is of type ‘char **’
/home/idk/Projects/valair/src/util/luaconf.vala: In function ‘lair_lua_conf_construct’:
/home/idk/Projects/valair/src/util/luaconf.vala:10:2: warning: implicit declaration of function ‘luaL_openlibs’ [-Wimplicit-function-declaration]
                         VM.open_libs();
  ^            
/home/idk/Projects/valair/src/resmanage/filedb.vala: In function ‘lair_file_db_InitBodyVars’:
/home/idk/Projects/valair/src/resmanage/filedb.vala:47:26: warning: passing argument 1 of ‘g_list_append’ discards ‘const’ qualifier from pointer target type [-Wdiscarded-qualifiers]
                         BodyParts.nth_data(0).append("head");
                          ^~~~~~
In file included from /usr/include/glib-2.0/glib/ghash.h:33:0,
                 from /usr/include/glib-2.0/glib.h:50,
                 from /home/idk/Projects/valair/src/resmanage/filedb.vala.c:5:
/usr/include/glib-2.0/glib/glist.h:59:10: note: expected ‘GList * {aka struct _GList *}’ but argument is of type ‘gconstpointer {aka const void *}’
 GList*   g_list_append                  (GList            *list,
          ^~~~~~~~~~~~~
/home/idk/Projects/valair/src/resmanage/filedb.vala:49:26: warning: passing argument 1 of ‘g_list_append’ discards ‘const’ qualifier from pointer target type [-Wdiscarded-qualifiers]
                         BodyParts.nth_data(1).append("arms"); BodyParts.nth_data(1).append("left");
                          ^~~~~~
In file included from /usr/include/glib-2.0/glib/ghash.h:33:0,
                 from /usr/include/glib-2.0/glib.h:50,
                 from /home/idk/Projects/valair/src/resmanage/filedb.vala.c:5:
/usr/include/glib-2.0/glib/glist.h:59:10: note: expected ‘GList * {aka struct _GList *}’ but argument is of type ‘gconstpointer {aka const void *}’
 GList*   g_list_append                  (GList            *list,
          ^~~~~~~~~~~~~
/home/idk/Projects/valair/src/resmanage/filedb.vala:49:26: warning: passing argument 1 of ‘g_list_append’ discards ‘const’ qualifier from pointer target type [-Wdiscarded-qualifiers]
                         BodyParts.nth_data(1).append("arms"); BodyParts.nth_data(1).append("left");
                          ^~~~~~
In file included from /usr/include/glib-2.0/glib/ghash.h:33:0,
                 from /usr/include/glib-2.0/glib.h:50,
                 from /home/idk/Projects/valair/src/resmanage/filedb.vala.c:5:
/usr/include/glib-2.0/glib/glist.h:59:10: note: expected ‘GList * {aka struct _GList *}’ but argument is of type ‘gconstpointer {aka const void *}’
 GList*   g_list_append                  (GList            *list,
          ^~~~~~~~~~~~~
/home/idk/Projects/valair/src/resmanage/filedb.vala:51:27: warning: passing argument 1 of ‘g_list_append’ discards ‘const’ qualifier from pointer target type [-Wdiscarded-qualifiers]
                         BodyParts.nth_data(2).append("arms"); BodyParts.nth_data(2).append("right");
                           ^~~~~~~
In file included from /usr/include/glib-2.0/glib/ghash.h:33:0,
                 from /usr/include/glib-2.0/glib.h:50,
                 from /home/idk/Projects/valair/src/resmanage/filedb.vala.c:5:
/usr/include/glib-2.0/glib/glist.h:59:10: note: expected ‘GList * {aka struct _GList *}’ but argument is of type ‘gconstpointer {aka const void *}’
 GList*   g_list_append                  (GList            *list,
          ^~~~~~~~~~~~~
/home/idk/Projects/valair/src/resmanage/filedb.vala:51:27: warning: passing argument 1 of ‘g_list_append’ discards ‘const’ qualifier from pointer target type [-Wdiscarded-qualifiers]
                         BodyParts.nth_data(2).append("arms"); BodyParts.nth_data(2).append("right");
                           ^~~~~~~
In file included from /usr/include/glib-2.0/glib/ghash.h:33:0,
                 from /usr/include/glib-2.0/glib.h:50,
                 from /home/idk/Projects/valair/src/resmanage/filedb.vala.c:5:
/usr/include/glib-2.0/glib/glist.h:59:10: note: expected ‘GList * {aka struct _GList *}’ but argument is of type ‘gconstpointer {aka const void *}’
 GList*   g_list_append                  (GList            *list,
          ^~~~~~~~~~~~~
/home/idk/Projects/valair/src/resmanage/filedb.vala:53:27: warning: passing argument 1 of ‘g_list_append’ discards ‘const’ qualifier from pointer target type [-Wdiscarded-qualifiers]
                         BodyParts.nth_data(3).append("body");
                           ^~~~~~~
In file included from /usr/include/glib-2.0/glib/ghash.h:33:0,
                 from /usr/include/glib-2.0/glib.h:50,
                 from /home/idk/Projects/valair/src/resmanage/filedb.vala.c:5:
/usr/include/glib-2.0/glib/glist.h:59:10: note: expected ‘GList * {aka struct _GList *}’ but argument is of type ‘gconstpointer {aka const void *}’
 GList*   g_list_append                  (GList            *list,
          ^~~~~~~~~~~~~
/home/idk/Projects/valair/src/resmanage/filedb.vala:55:27: warning: passing argument 1 of ‘g_list_append’ discards ‘const’ qualifier from pointer target type [-Wdiscarded-qualifiers]
                         BodyParts.nth_data(4).append("leg"); BodyParts.nth_data(4).append("left");
                           ^~~~~~~
In file included from /usr/include/glib-2.0/glib/ghash.h:33:0,
                 from /usr/include/glib-2.0/glib.h:50,
                 from /home/idk/Projects/valair/src/resmanage/filedb.vala.c:5:
/usr/include/glib-2.0/glib/glist.h:59:10: note: expected ‘GList * {aka struct _GList *}’ but argument is of type ‘gconstpointer {aka const void *}’
 GList*   g_list_append                  (GList            *list,
          ^~~~~~~~~~~~~
/home/idk/Projects/valair/src/resmanage/filedb.vala:55:27: warning: passing argument 1 of ‘g_list_append’ discards ‘const’ qualifier from pointer target type [-Wdiscarded-qualifiers]
                         BodyParts.nth_data(4).append("leg"); BodyParts.nth_data(4).append("left");
                           ^~~~~~~
In file included from /usr/include/glib-2.0/glib/ghash.h:33:0,
                 from /usr/include/glib-2.0/glib.h:50,
                 from /home/idk/Projects/valair/src/resmanage/filedb.vala.c:5:
/usr/include/glib-2.0/glib/glist.h:59:10: note: expected ‘GList * {aka struct _GList *}’ but argument is of type ‘gconstpointer {aka const void *}’
 GList*   g_list_append                  (GList            *list,
          ^~~~~~~~~~~~~
/home/idk/Projects/valair/src/resmanage/filedb.vala:57:27: warning: passing argument 1 of ‘g_list_append’ discards ‘const’ qualifier from pointer target type [-Wdiscarded-qualifiers]
                         BodyParts.nth_data(5).append("leg");BodyParts.nth_data(5).append("right");
                           ^~~~~~~
In file included from /usr/include/glib-2.0/glib/ghash.h:33:0,
                 from /usr/include/glib-2.0/glib.h:50,
                 from /home/idk/Projects/valair/src/resmanage/filedb.vala.c:5:
/usr/include/glib-2.0/glib/glist.h:59:10: note: expected ‘GList * {aka struct _GList *}’ but argument is of type ‘gconstpointer {aka const void *}’
 GList*   g_list_append                  (GList            *list,
          ^~~~~~~~~~~~~
/home/idk/Projects/valair/src/resmanage/filedb.vala:57:27: warning: passing argument 1 of ‘g_list_append’ discards ‘const’ qualifier from pointer target type [-Wdiscarded-qualifiers]
                         BodyParts.nth_data(5).append("leg");BodyParts.nth_data(5).append("right");
                           ^~~~~~~
In file included from /usr/include/glib-2.0/glib/ghash.h:33:0,
                 from /usr/include/glib-2.0/glib.h:50,
                 from /home/idk/Projects/valair/src/resmanage/filedb.vala.c:5:
/usr/include/glib-2.0/glib/glist.h:59:10: note: expected ‘GList * {aka struct _GList *}’ but argument is of type ‘gconstpointer {aka const void *}’
 GList*   g_list_append                  (GList            *list,
          ^~~~~~~~~~~~~
/home/idk/Projects/valair/src/resmanage/filedb.vala: In function ‘lair_file_db_ImageByTagList’:
/home/idk/Projects/valair/src/resmanage/filedb.vala:217:9: warning: assignment discards ‘const’ qualifier from pointer target type [-Wdiscarded-qualifiers]
                         return r.nth_data(index);
         ^
/home/idk/Projects/valair/src/entity/sound.vala: In function ‘lair_voice_SetSounds’:
/home/idk/Projects/valair/src/entity/sound.vala:11:25: warning: assignment discards ‘const’ qualifier from pointer target type [-Wdiscarded-qualifiers]
                                 Footsteps = music.nth_data(0);
                         ^
/home/idk/Projects/valair/src/entity/sound.vala:14:20: warning: assignment discards ‘const’ qualifier from pointer target type [-Wdiscarded-qualifiers]
                                 Bonk = music.nth_data(1);
                    ^
/home/idk/Projects/valair/src/entity/sound.vala:17:23: warning: assignment discards ‘const’ qualifier from pointer target type [-Wdiscarded-qualifiers]
                                 Ambient = music.nth_data(2);
                       ^
