make[1]: Entering directory '/home/idk/Projects/lair-manifest/valair'
export PKG_CONFIG_PATH="KG_CONFIG_PATH/usr/lib/x86_64-linux-musl" ; \
valac -gv \
	-o bin/LAIR \
	--pkg-config /usr/bin/pkgconf \
	-X -fstack-protector-all \
	-X --param \
	-X ssp-buffer-size=4 \
	-X -D_FORTIFY_SOURCE=2 \
	-X -ftrapv \
	-X -Wl,-z,relro,-z,now \
	-g \
	--disable-assert \
	--enable-checking \
	--enable-experimental \
	--enable-gobject-tracing \
	--vapidir="/usr/share/vala/vapi/" \
	--includedir /usr/include/x86_64-linux-musl \
	--target-glib 2.0 \
	--pkg gio-2.0 \
	--pkg lua \
	--pkg sdl2 \
	--pkg sdl2-gfx \
	--pkg sdl2-image \
	--pkg sdl2-ttf \
	--pkg sdl2-mixer \
	--pkg=tartrazine \
	-X -Og \
	-X -g3 \
	--includedir /usr/include/luajit-2.0 \
	-X -lluajit-5.1 \
	-X -lSDL2 \
	-X -lSDL2_gfx \
	-X -lSDL2_image \
	-X -lSDL2_ttf \
	-X -lSDL2_mixer \
	src/main.vala \
	src/util/net.vala \
	src/util/luaconf.vala \
	src/util/luaglobal.vala \
	src/util/scribe.vala \
	src/util/tagcounter.vala \
	src/util/tag.vala \
	src/resmanage/files.vala \
	src/resmanage/images.vala \
	src/resmanage/filedb.vala \
	src/resmanage/fonts.vala \
	src/resmanage/sounds.vala \
	src/game/lists/FloorList.vala \
	src/game/lists/MobilesList.vala \
	src/game/lists/ParticlesList.vala \
	src/game/lists/AutoPoint.vala \
	src/game/room.vala \
	src/game/floor.vala \
	src/game/tower.vala \
	src/game/game.vala \
	src/entity/dice.vala \
	src/entity/type.vala \
	src/entity/sprite.vala \
	src/entity/anim.vala \
	src/entity/text.vala \
	src/entity/sound.vala \
	src/entity/stats.vala \
	src/entity/inventory.vala \
	src/entity/move.vala \
	src/entity/entity.vala
Loaded package `/usr/share/vala-0.36/vapi/glib-2.0.vapi'
Loaded package `/usr/share/vala-0.36/vapi/gobject-2.0.vapi'
Loaded package `/usr/share/vala-0.36/vapi/gio-2.0.vapi'
Loaded package `/usr/share/vala-0.36/vapi/lua.vapi'
Loaded package `/usr/share/vala/vapi/sdl2.vapi'
Loaded package `/usr/share/vala/vapi/sdl2-gfx.vapi'
Loaded package `/usr/share/vala/vapi/sdl2-image.vapi'
Loaded package `/usr/share/vala/vapi/sdl2-ttf.vapi'
Loaded package `/usr/share/vala/vapi/sdl2-mixer.vapi'
Loaded package `/usr/share/vala/vapi/tartrazine.vapi'
Loaded package `/usr/share/vala/vapi/libtoxcore.vapi'
cc -g -o '/home/idk/Projects/lair-manifest/valair/bin/LAIR' '/home/idk/Projects/lair-manifest/valair/src/main.vala.c' '/home/idk/Projects/lair-manifest/valair/src/util/net.vala.c' '/home/idk/Projects/lair-manifest/valair/src/util/luaconf.vala.c' '/home/idk/Projects/lair-manifest/valair/src/util/luaglobal.vala.c' '/home/idk/Projects/lair-manifest/valair/src/util/scribe.vala.c' '/home/idk/Projects/lair-manifest/valair/src/util/tagcounter.vala.c' '/home/idk/Projects/lair-manifest/valair/src/util/tag.vala.c' '/home/idk/Projects/lair-manifest/valair/src/resmanage/files.vala.c' '/home/idk/Projects/lair-manifest/valair/src/resmanage/images.vala.c' '/home/idk/Projects/lair-manifest/valair/src/resmanage/filedb.vala.c' '/home/idk/Projects/lair-manifest/valair/src/resmanage/fonts.vala.c' '/home/idk/Projects/lair-manifest/valair/src/resmanage/sounds.vala.c' '/home/idk/Projects/lair-manifest/valair/src/game/lists/FloorList.vala.c' '/home/idk/Projects/lair-manifest/valair/src/game/lists/MobilesList.vala.c' '/home/idk/Projects/lair-manifest/valair/src/game/lists/ParticlesList.vala.c' '/home/idk/Projects/lair-manifest/valair/src/game/lists/AutoPoint.vala.c' '/home/idk/Projects/lair-manifest/valair/src/game/room.vala.c' '/home/idk/Projects/lair-manifest/valair/src/game/floor.vala.c' '/home/idk/Projects/lair-manifest/valair/src/game/tower.vala.c' '/home/idk/Projects/lair-manifest/valair/src/game/game.vala.c' '/home/idk/Projects/lair-manifest/valair/src/entity/dice.vala.c' '/home/idk/Projects/lair-manifest/valair/src/entity/type.vala.c' '/home/idk/Projects/lair-manifest/valair/src/entity/sprite.vala.c' '/home/idk/Projects/lair-manifest/valair/src/entity/anim.vala.c' '/home/idk/Projects/lair-manifest/valair/src/entity/text.vala.c' '/home/idk/Projects/lair-manifest/valair/src/entity/sound.vala.c' '/home/idk/Projects/lair-manifest/valair/src/entity/stats.vala.c' '/home/idk/Projects/lair-manifest/valair/src/entity/inventory.vala.c' '/home/idk/Projects/lair-manifest/valair/src/entity/move.vala.c' '/home/idk/Projects/lair-manifest/valair/src/entity/entity.vala.c' -I/usr/include/glib-2.0 -I/usr/lib/x86_64-linux-gnu/glib-2.0/include -pthread -I/usr/include/luajit-2.0 -I/usr/include/SDL2  -D_REENTRANT -lgio-2.0 -lgobject-2.0 -lglib-2.0 -lluajit-5.1 -lSDL2 -ltoxdns -ltoxencryptsave -ltoxcore -lsodium  -lm -lpthread '-fstack-protector-all' '--param' 'ssp-buffer-size=4' '-D_FORTIFY_SOURCE=2' '-ftrapv' '-Wl,-z,relro,-z,now' '-Og' '-g3' '-lluajit-5.1' '-lSDL2' '-lSDL2_gfx' '-lSDL2_image' '-lSDL2_ttf' '-lSDL2_mixer'
Compilation succeeded - 40 warning(s)
#--thread \

make[1]: Leaving directory '/home/idk/Projects/lair-manifest/valair'
